c:\users\robin gerstmann\documents\github\c_plus_plus\pokemonsimulation\pokemonsimulation\debug\vc142.pdb
c:\users\robin gerstmann\documents\github\c_plus_plus\pokemonsimulation\pokemonsimulation\debug\vc142.idb
c:\users\robin gerstmann\documents\github\c_plus_plus\pokemonsimulation\pokemonsimulation\debug\rucksack.obj
c:\users\robin gerstmann\documents\github\c_plus_plus\pokemonsimulation\pokemonsimulation\debug\charakter.obj
c:\users\robin gerstmann\documents\github\c_plus_plus\pokemonsimulation\pokemonsimulation\debug\pokemon.obj
c:\users\robin gerstmann\documents\github\c_plus_plus\pokemonsimulation\pokemonsimulation\debug\fangepokemon.obj
c:\users\robin gerstmann\documents\github\c_plus_plus\pokemonsimulation\pokemonsimulation\debug\pokemonsimulation.obj
c:\users\robin gerstmann\documents\github\c_plus_plus\pokemonsimulation\debug\pokemonsimulation.pdb
c:\users\robin gerstmann\documents\github\c_plus_plus\pokemonsimulation\pokemonsimulation\debug\pokemons.563adbf2.tlog\cl.command.1.tlog
c:\users\robin gerstmann\documents\github\c_plus_plus\pokemonsimulation\pokemonsimulation\debug\pokemons.563adbf2.tlog\cl.read.1.tlog
c:\users\robin gerstmann\documents\github\c_plus_plus\pokemonsimulation\pokemonsimulation\debug\pokemons.563adbf2.tlog\cl.write.1.tlog
c:\users\robin gerstmann\documents\github\c_plus_plus\pokemonsimulation\pokemonsimulation\debug\pokemons.563adbf2.tlog\link-cvtres.read.1.tlog
c:\users\robin gerstmann\documents\github\c_plus_plus\pokemonsimulation\pokemonsimulation\debug\pokemons.563adbf2.tlog\link-cvtres.write.1.tlog
c:\users\robin gerstmann\documents\github\c_plus_plus\pokemonsimulation\pokemonsimulation\debug\pokemons.563adbf2.tlog\link-rc.read.1.tlog
c:\users\robin gerstmann\documents\github\c_plus_plus\pokemonsimulation\pokemonsimulation\debug\pokemons.563adbf2.tlog\link-rc.write.1.tlog
c:\users\robin gerstmann\documents\github\c_plus_plus\pokemonsimulation\pokemonsimulation\debug\pokemons.563adbf2.tlog\link.19132-cvtres.read.1.tlog
c:\users\robin gerstmann\documents\github\c_plus_plus\pokemonsimulation\pokemonsimulation\debug\pokemons.563adbf2.tlog\link.19132-cvtres.write.1.tlog
c:\users\robin gerstmann\documents\github\c_plus_plus\pokemonsimulation\pokemonsimulation\debug\pokemons.563adbf2.tlog\link.19132-rc.read.1.tlog
c:\users\robin gerstmann\documents\github\c_plus_plus\pokemonsimulation\pokemonsimulation\debug\pokemons.563adbf2.tlog\link.19132-rc.write.1.tlog
c:\users\robin gerstmann\documents\github\c_plus_plus\pokemonsimulation\pokemonsimulation\debug\pokemons.563adbf2.tlog\link.19132.read.1.tlog
c:\users\robin gerstmann\documents\github\c_plus_plus\pokemonsimulation\pokemonsimulation\debug\pokemons.563adbf2.tlog\link.19132.write.1.tlog
c:\users\robin gerstmann\documents\github\c_plus_plus\pokemonsimulation\pokemonsimulation\debug\pokemons.563adbf2.tlog\link.command.1.tlog
c:\users\robin gerstmann\documents\github\c_plus_plus\pokemonsimulation\pokemonsimulation\debug\pokemons.563adbf2.tlog\link.read.1.tlog
c:\users\robin gerstmann\documents\github\c_plus_plus\pokemonsimulation\pokemonsimulation\debug\pokemons.563adbf2.tlog\link.write.1.tlog
